<?xml version="1.0" encoding="UTF-8"?>
<testng-results ignored="0" total="2" passed="2" failed="0" skipped="0">
  <reporter-output>
  </reporter-output>
  <suite started-at="2021-11-17T16:33:54 CST" name="Default suite" finished-at="2021-11-17T16:34:28 CST" duration-ms="34238">
    <groups>
    </groups>
    <test started-at="2021-11-17T16:33:54 CST" name="Default test" finished-at="2021-11-17T16:34:28 CST" duration-ms="34238">
      <class name="com.tests.LaunchAndLogin">
        <test-method is-config="true" signature="setup()[pri:0, instance:com.tests.LaunchAndLogin@1de5f259]" started-at="2021-11-17T16:33:54 CST" name="setup" finished-at="2021-11-17T16:33:58 CST" duration-ms="4106" status="PASS">
          <reporter-output>
          </reporter-output>
        </test-method> <!-- setup -->
        <test-method signature="launchTest()[pri:1, instance:com.tests.LaunchAndLogin@1de5f259]" started-at="2021-11-17T16:33:58 CST" name="launchTest" finished-at="2021-11-17T16:34:01 CST" duration-ms="2376" status="PASS">
          <reporter-output>
          </reporter-output>
        </test-method> <!-- launchTest -->
        <test-method signature="selectStore()[pri:2, instance:com.tests.LaunchAndLogin@1de5f259]" started-at="2021-11-17T16:34:01 CST" name="selectStore" finished-at="2021-11-17T16:34:28 CST" duration-ms="27324" status="PASS">
          <reporter-output>
          </reporter-output>
        </test-method> <!-- selectStore -->
        <test-method is-config="true" signature="shutdown()[pri:0, instance:com.tests.LaunchAndLogin@1de5f259]" started-at="2021-11-17T16:34:28 CST" name="shutdown" finished-at="2021-11-17T16:34:28 CST" duration-ms="374" status="PASS">
          <reporter-output>
          </reporter-output>
        </test-method> <!-- shutdown -->
      </class> <!-- com.tests.LaunchAndLogin -->
    </test> <!-- Default test -->
  </suite> <!-- Default suite -->
</testng-results>
